This file contains any messages produced by compilers while
running configure, to aid debugging if configure makes a mistake.

It was created by MCT configure 2.8, which was
generated by GNU Autoconf 2.69.  Invocation command line was

  $ /share/CESM/cesm1_2_2_1/models/utils/mct/configure FC=pgf95 CC=pgcc --srcdir=/share/CESM/cesm1_2_2_1/models/utils/mct --enable-mpiserial LDFLAGS=-Wl,--allow-shlib-undefined 

## --------- ##
## Platform. ##
## --------- ##

hostname = test0
uname -m = x86_64
uname -r = 3.10.0-693.2.2.el7.x86_64
uname -s = Linux
uname -v = #1 SMP Tue Sep 12 22:26:13 UTC 2017

/usr/bin/uname -p = x86_64
/bin/uname -X     = unknown

/bin/arch              = x86_64
/usr/bin/arch -k       = unknown
/usr/convex/getsysinfo = unknown
/usr/bin/hostinfo      = unknown
/bin/machine           = unknown
/usr/bin/oslevel       = unknown
/bin/universe          = unknown

PATH: /opt/rh/devtoolset-4/root/usr/bin
PATH: /usr/local/bin
PATH: /usr/local/sbin
PATH: /usr/local/sbin
PATH: /usr/local/bin
PATH: /usr/sbin
PATH: /usr/bin
PATH: /usr/lib64/mpich-3.2/bin
PATH: /usr/lib/golang/bin
PATH: /usr/local/netcdf/bin
PATH: /usr/local/esmf/binO/Linux.gfortran.64.mpiuni.default
PATH: /root/bin


## ----------- ##
## Core tests. ##
## ----------- ##

configure:2358: checking for C compiler version
configure:2367: pgcc --version >&5
/share/CESM/cesm1_2_2_1/models/utils/mct/configure: line 2369: pgcc: command not found
configure:2378: $? = 127
configure:2367: pgcc -v >&5
/share/CESM/cesm1_2_2_1/models/utils/mct/configure: line 2369: pgcc: command not found
configure:2378: $? = 127
configure:2367: pgcc -V >&5
/share/CESM/cesm1_2_2_1/models/utils/mct/configure: line 2369: pgcc: command not found
configure:2378: $? = 127
configure:2367: pgcc -qversion >&5
/share/CESM/cesm1_2_2_1/models/utils/mct/configure: line 2369: pgcc: command not found
configure:2378: $? = 127
configure:2398: checking whether the C compiler works
configure:2420: pgcc   -Wl,--allow-shlib-undefined  conftest.c  >&5
/share/CESM/cesm1_2_2_1/models/utils/mct/configure: line 2422: pgcc: command not found
configure:2424: $? = 127
configure:2462: result: no
configure: failed program was:
| /* confdefs.h */
| #define PACKAGE_NAME "MCT"
| #define PACKAGE_TARNAME "mct"
| #define PACKAGE_VERSION "2.8"
| #define PACKAGE_STRING "MCT 2.8"
| #define PACKAGE_BUGREPORT ""
| #define PACKAGE_URL ""
| /* end confdefs.h.  */
| 
| int
| main ()
| {
| 
|   ;
|   return 0;
| }
configure:2467: error: in `/share/CESM/cesm1_2_2_1/models/atm/cam/bld/mct':
configure:2469: error: C compiler cannot create executables
See `config.log' for more details

## ---------------- ##
## Cache variables. ##
## ---------------- ##

ac_cv_env_AR_set=
ac_cv_env_AR_value=
ac_cv_env_BABELROOT_set=
ac_cv_env_BABELROOT_value=
ac_cv_env_BIT64_set=
ac_cv_env_BIT64_value=
ac_cv_env_CC_set=set
ac_cv_env_CC_value=pgcc
ac_cv_env_CFLAGS_set=
ac_cv_env_CFLAGS_value=
ac_cv_env_COMPILER_ROOT_set=
ac_cv_env_COMPILER_ROOT_value=
ac_cv_env_CPPFLAGS_set=
ac_cv_env_CPPFLAGS_value=
ac_cv_env_CPP_set=
ac_cv_env_CPP_value=
ac_cv_env_DEBUG_set=
ac_cv_env_DEBUG_value=
ac_cv_env_ENDIAN_set=
ac_cv_env_ENDIAN_value=
ac_cv_env_FCFLAGS_set=
ac_cv_env_FCFLAGS_value=
ac_cv_env_FC_set=set
ac_cv_env_FC_value=pgf95
ac_cv_env_FORT_SIZE_set=
ac_cv_env_FORT_SIZE_value=
ac_cv_env_FPPFLAGS_set=
ac_cv_env_FPPFLAGS_value=
ac_cv_env_FPP_set=
ac_cv_env_FPP_value=
ac_cv_env_INCLUDEFLAG_set=
ac_cv_env_INCLUDEFLAG_value=
ac_cv_env_INCLUDEPATH_set=
ac_cv_env_INCLUDEPATH_value=
ac_cv_env_LDFLAGS_set=set
ac_cv_env_LDFLAGS_value='-Wl,--allow-shlib-undefined '
ac_cv_env_LIBS_set=
ac_cv_env_LIBS_value=
ac_cv_env_MPIFC_set=
ac_cv_env_MPIFC_value=
ac_cv_env_MPIHEADER_set=
ac_cv_env_MPIHEADER_value=
ac_cv_env_MPILIBS_set=
ac_cv_env_MPILIBS_value=
ac_cv_env_OPT_set=
ac_cv_env_OPT_value=
ac_cv_env_PROGFCFLAGS_set=
ac_cv_env_PROGFCFLAGS_value=
ac_cv_env_RANLIB_set=
ac_cv_env_RANLIB_value=
ac_cv_env_REAL8_set=
ac_cv_env_REAL8_value=
ac_cv_env_build_alias_set=
ac_cv_env_build_alias_value=
ac_cv_env_host_alias_set=
ac_cv_env_host_alias_value=
ac_cv_env_target_alias_set=
ac_cv_env_target_alias_value=

## ----------------- ##
## Output variables. ##
## ----------------- ##

AR=''
BABELROOT=''
BIT64=''
CC='pgcc'
CFLAGS=''
COMPILER_ROOT=''
CPP=''
CPPDEFS=''
CPPFLAGS=''
CRULE=''
DEBUG=''
DEFS=''
ECHO_C=''
ECHO_N='-n'
ECHO_T=''
EGREP=''
ENDIAN=''
EXEEXT=''
FC='pgf95'
FCFLAGS=''
FCFLAGS_F90=''
FCFLAGS_F=''
FCLIBS=''
FC_DEFINE=''
FORT_SIZE=''
FPP=''
FPPFLAGS=''
GREP=''
INCLUDEFLAG=''
INCLUDEPATH=''
LDFLAGS='-Wl,--allow-shlib-undefined '
LIBOBJS=''
LIBS=''
LTLIBOBJS=''
MPIFC=''
MPIHEADER=''
MPILIBS=''
MPISERPATH=''
OBJEXT=''
OPT=''
PACKAGE_BUGREPORT=''
PACKAGE_NAME='MCT'
PACKAGE_STRING='MCT 2.8'
PACKAGE_TARNAME='mct'
PACKAGE_URL=''
PACKAGE_VERSION='2.8'
PATH_SEPARATOR=':'
PROGFCFLAGS=''
PYTHON=''
PYTHONOPTS=''
RANLIB=''
REAL8=''
SHELL='/bin/sh'
ac_ct_CC=''
ac_ct_FC=''
bindir='${exec_prefix}/bin'
build_alias=''
datadir='${datarootdir}'
datarootdir='${prefix}/share'
docdir='${datarootdir}/doc/${PACKAGE_TARNAME}'
dvidir='${docdir}'
exec_prefix='NONE'
host_alias=''
htmldir='${docdir}'
includedir='${prefix}/include'
infodir='${datarootdir}/info'
libdir='${exec_prefix}/lib'
libexecdir='${exec_prefix}/libexec'
localedir='${datarootdir}/locale'
localstatedir='${prefix}/var'
mandir='${datarootdir}/man'
oldincludedir='/usr/include'
pdfdir='${docdir}'
prefix='NONE'
program_transform_name='s,x,x,'
psdir='${docdir}'
sbindir='${exec_prefix}/sbin'
sharedstatedir='${prefix}/com'
sysconfdir='${prefix}/etc'
target_alias=''

## ----------- ##
## confdefs.h. ##
## ----------- ##

/* confdefs.h */
#define PACKAGE_NAME "MCT"
#define PACKAGE_TARNAME "mct"
#define PACKAGE_VERSION "2.8"
#define PACKAGE_STRING "MCT 2.8"
#define PACKAGE_BUGREPORT ""
#define PACKAGE_URL ""

configure: exit 77
